<?xml version="1.0" encoding="UTF-8"?>
<!-- Generated by org.testng.reporters.JUnitReportReporter -->
<testsuite skipped="0" hostname="Nafiss-MBP" name="testRunnerClass.RunnerClass" tests="2" failures="0" timestamp="2023-06-13T14:06:21 EDT" time="20.421" errors="0">
  <testcase name="runScenario" time="15.267" classname="testRunnerClass.RunnerClass"/>
  <system-out/>
  <testcase name="runScenario" time="5.154" classname="testRunnerClass.RunnerClass"/>
  <system-out/>
</testsuite> <!-- testRunnerClass.RunnerClass -->
